14-08-2015 18:08:02 [/panel/auth] Не авторизован в админку
14-08-2015 18:08:02 [/favicon.ico] NoSuchController - controllers/favicon.ico.php
14-08-2015 18:08:02 [/panel/auth] Не авторизован в админку
14-08-2015 18:08:02 [/favicon.ico] NoSuchController - controllers/favicon.ico.php
14-08-2015 18:08:03 [/panel/auth] Не авторизован в админку
14-08-2015 18:08:03 [/favicon.ico] NoSuchController - controllers/favicon.ico.php
14-08-2015 18:09:24 [/panel/auth] Не авторизован в админку
14-08-2015 18:09:24 [/favicon.ico] NoSuchController - controllers/favicon.ico.php
14-08-2015 18:09:27 [/favicon.ico] NoSuchController - controllers/favicon.ico.php
14-08-2015 18:09:47 [/favicon.ico] NoSuchController - controllers/favicon.ico.php
14-08-2015 18:10:13 [/favicon.ico] NoSuchController - controllers/favicon.ico.php
14-08-2015 18:14:40 [/favicon.ico] NoSuchController - controllers/favicon.ico.php
14-08-2015 18:17:24 [/favicon.ico] NoSuchController - controllers/favicon.ico.php
14-08-2015 18:17:41 [/favicon.ico] NoSuchController - controllers/favicon.ico.php
14-08-2015 18:22:08 [/favicon.ico] NoSuchController - controllers/favicon.ico.php
14-08-2015 18:22:43 [/favicon.ico] NoSuchController - controllers/favicon.ico.php
14-08-2015 18:23:04 [/favicon.ico] NoSuchController - controllers/favicon.ico.php
14-08-2015 18:23:12 [/favicon.ico] NoSuchController - controllers/favicon.ico.php
14-08-2015 18:23:54 [/favicon.ico] NoSuchController - controllers/favicon.ico.php
14-08-2015 18:24:06 [/favicon.ico] NoSuchController - controllers/favicon.ico.php
14-08-2015 18:29:48 [/favicon.ico] NoSuchController - controllers/favicon.ico.php
14-08-2015 18:31:01 [/favicon.ico] NoSuchController - controllers/favicon.ico.php
14-08-2015 18:31:03 [/favicon.ico] NoSuchController - controllers/favicon.ico.php
14-08-2015 18:31:05 [/favicon.ico] NoSuchController - controllers/favicon.ico.php
14-08-2015 18:31:07 [/favicon.ico] NoSuchController - controllers/favicon.ico.php
14-08-2015 18:31:09 [/favicon.ico] NoSuchController - controllers/favicon.ico.php
14-08-2015 18:31:11 [/favicon.ico] NoSuchController - controllers/favicon.ico.php
14-08-2015 18:31:14 [/favicon.ico] NoSuchController - controllers/favicon.ico.php
14-08-2015 18:31:16 [/favicon.ico] NoSuchController - controllers/favicon.ico.php
14-08-2015 18:31:18 [/favicon.ico] NoSuchController - controllers/favicon.ico.php
14-08-2015 18:31:20 [/favicon.ico] NoSuchController - controllers/favicon.ico.php
14-08-2015 18:31:22 [/favicon.ico] NoSuchController - controllers/favicon.ico.php
14-08-2015 18:31:24 [/favicon.ico] NoSuchController - controllers/favicon.ico.php
14-08-2015 18:31:26 [/favicon.ico] NoSuchController - controllers/favicon.ico.php
14-08-2015 18:31:28 [/favicon.ico] NoSuchController - controllers/favicon.ico.php
14-08-2015 18:31:30 [/favicon.ico] NoSuchController - controllers/favicon.ico.php
14-08-2015 18:31:32 [/favicon.ico] NoSuchController - controllers/favicon.ico.php
14-08-2015 18:31:34 [/favicon.ico] NoSuchController - controllers/favicon.ico.php
14-08-2015 18:31:36 [/favicon.ico] NoSuchController - controllers/favicon.ico.php
14-08-2015 18:31:38 [/favicon.ico] NoSuchController - controllers/favicon.ico.php
14-08-2015 18:31:40 [/favicon.ico] NoSuchController - controllers/favicon.ico.php
14-08-2015 18:31:42 [/favicon.ico] NoSuchController - controllers/favicon.ico.php
14-08-2015 18:31:44 [/favicon.ico] NoSuchController - controllers/favicon.ico.php
14-08-2015 18:31:46 [/favicon.ico] NoSuchController - controllers/favicon.ico.php
14-08-2015 18:31:48 [/favicon.ico] NoSuchController - controllers/favicon.ico.php
14-08-2015 18:31:50 [/favicon.ico] NoSuchController - controllers/favicon.ico.php
14-08-2015 18:31:52 [/favicon.ico] NoSuchController - controllers/favicon.ico.php
14-08-2015 18:31:53 [/favicon.ico] NoSuchController - controllers/favicon.ico.php
14-08-2015 18:32:23 [/favicon.ico] NoSuchController - controllers/favicon.ico.php
14-08-2015 18:32:29 [/favicon.ico] NoSuchController - controllers/favicon.ico.php
14-08-2015 18:32:34 [/favicon.ico] NoSuchController - controllers/favicon.ico.php
14-08-2015 18:32:46 [/favicon.ico] NoSuchController - controllers/favicon.ico.php
14-08-2015 18:33:01 [/favicon.ico] NoSuchController - controllers/favicon.ico.php
14-08-2015 18:33:14 [/favicon.ico] NoSuchController - controllers/favicon.ico.php
14-08-2015 18:33:34 [/favicon.ico] NoSuchController - controllers/favicon.ico.php
15-08-2015 09:56:34 [/favicon.ico] NoSuchController - controllers/favicon.ico.php
15-08-2015 10:10:47 [/favicon.ico] NoSuchController - controllers/favicon.ico.php
15-08-2015 10:10:48 [/favicon.ico] NoSuchController - controllers/favicon.ico.php
15-08-2015 10:10:48 [/favicon.ico] NoSuchController - controllers/favicon.ico.php
15-08-2015 10:10:49 [/favicon.ico] NoSuchController - controllers/favicon.ico.php
15-08-2015 10:10:49 [/favicon.ico] NoSuchController - controllers/favicon.ico.php
15-08-2015 10:10:49 [/favicon.ico] NoSuchController - controllers/favicon.ico.php
15-08-2015 10:11:08 [/favicon.ico] NoSuchController - controllers/favicon.ico.php
15-08-2015 10:11:09 [/favicon.ico] NoSuchController - controllers/favicon.ico.php
15-08-2015 10:11:42 [/favicon.ico] NoSuchController - controllers/favicon.ico.php
15-08-2015 10:11:51 [/favicon.ico] NoSuchController - controllers/favicon.ico.php
15-08-2015 10:11:52 [/favicon.ico] NoSuchController - controllers/favicon.ico.php
15-08-2015 10:11:52 [/favicon.ico] NoSuchController - controllers/favicon.ico.php
15-08-2015 10:11:53 [/favicon.ico] NoSuchController - controllers/favicon.ico.php
15-08-2015 10:11:53 [/favicon.ico] NoSuchController - controllers/favicon.ico.php
15-08-2015 10:11:53 [/favicon.ico] NoSuchController - controllers/favicon.ico.php
15-08-2015 10:11:53 [/favicon.ico] NoSuchController - controllers/favicon.ico.php
15-08-2015 10:11:53 [/favicon.ico] NoSuchController - controllers/favicon.ico.php
15-08-2015 10:11:54 [/favicon.ico] NoSuchController - controllers/favicon.ico.php
15-08-2015 10:11:54 [/favicon.ico] NoSuchController - controllers/favicon.ico.php
15-08-2015 10:11:54 [/favicon.ico] NoSuchController - controllers/favicon.ico.php
15-08-2015 10:11:54 [/favicon.ico] NoSuchController - controllers/favicon.ico.php
15-08-2015 10:11:54 [/favicon.ico] NoSuchController - controllers/favicon.ico.php
15-08-2015 10:11:55 [/favicon.ico] NoSuchController - controllers/favicon.ico.php
15-08-2015 10:11:55 [/favicon.ico] NoSuchController - controllers/favicon.ico.php
15-08-2015 10:11:55 [/favicon.ico] NoSuchController - controllers/favicon.ico.php
15-08-2015 10:11:55 [/favicon.ico] NoSuchController - controllers/favicon.ico.php
15-08-2015 10:11:55 [/favicon.ico] NoSuchController - controllers/favicon.ico.php
15-08-2015 10:11:55 [/favicon.ico] NoSuchController - controllers/favicon.ico.php
15-08-2015 10:11:55 [/favicon.ico] NoSuchController - controllers/favicon.ico.php
15-08-2015 10:11:56 [/favicon.ico] NoSuchController - controllers/favicon.ico.php
15-08-2015 10:11:57 [/favicon.ico] NoSuchController - controllers/favicon.ico.php
15-08-2015 10:11:58 [/favicon.ico] NoSuchController - controllers/favicon.ico.php
15-08-2015 10:11:59 [/favicon.ico] NoSuchController - controllers/favicon.ico.php
15-08-2015 10:11:59 [/favicon.ico] NoSuchController - controllers/favicon.ico.php
15-08-2015 10:12:00 [/favicon.ico] NoSuchController - controllers/favicon.ico.php
15-08-2015 10:12:00 [/favicon.ico] NoSuchController - controllers/favicon.ico.php
15-08-2015 10:12:01 [/favicon.ico] NoSuchController - controllers/favicon.ico.php
15-08-2015 10:12:01 [/favicon.ico] NoSuchController - controllers/favicon.ico.php
15-08-2015 10:12:01 [/favicon.ico] NoSuchController - controllers/favicon.ico.php
15-08-2015 10:12:02 [/favicon.ico] NoSuchController - controllers/favicon.ico.php
15-08-2015 10:12:02 [/favicon.ico] NoSuchController - controllers/favicon.ico.php
15-08-2015 10:12:02 [/favicon.ico] NoSuchController - controllers/favicon.ico.php
15-08-2015 10:12:03 [/favicon.ico] NoSuchController - controllers/favicon.ico.php
15-08-2015 10:12:03 [/favicon.ico] NoSuchController - controllers/favicon.ico.php
15-08-2015 10:12:03 [/favicon.ico] NoSuchController - controllers/favicon.ico.php
15-08-2015 10:12:04 [/favicon.ico] NoSuchController - controllers/favicon.ico.php
15-08-2015 10:12:04 [/favicon.ico] NoSuchController - controllers/favicon.ico.php
15-08-2015 10:12:04 [/favicon.ico] NoSuchController - controllers/favicon.ico.php
15-08-2015 10:12:05 [/favicon.ico] NoSuchController - controllers/favicon.ico.php
15-08-2015 10:12:05 [/favicon.ico] NoSuchController - controllers/favicon.ico.php
15-08-2015 10:12:05 [/favicon.ico] NoSuchController - controllers/favicon.ico.php
15-08-2015 10:12:05 [/favicon.ico] NoSuchController - controllers/favicon.ico.php
15-08-2015 10:12:06 [/favicon.ico] NoSuchController - controllers/favicon.ico.php
15-08-2015 10:12:18 [/favicon.ico] NoSuchController - controllers/favicon.ico.php
15-08-2015 10:12:18 [/favicon.ico] NoSuchController - controllers/favicon.ico.php
15-08-2015 10:12:19 [/favicon.ico] NoSuchController - controllers/favicon.ico.php
15-08-2015 10:12:19 [/favicon.ico] NoSuchController - controllers/favicon.ico.php
15-08-2015 10:12:19 [/favicon.ico] NoSuchController - controllers/favicon.ico.php
15-08-2015 10:12:19 [/favicon.ico] NoSuchController - controllers/favicon.ico.php
15-08-2015 10:12:20 [/favicon.ico] NoSuchController - controllers/favicon.ico.php
15-08-2015 10:12:20 [/favicon.ico] NoSuchController - controllers/favicon.ico.php
15-08-2015 10:12:20 [/favicon.ico] NoSuchController - controllers/favicon.ico.php
15-08-2015 10:14:52 [/favicon.ico] NoSuchController - controllers/favicon.ico.php
15-08-2015 10:15:00 [/favicon.ico] NoSuchController - controllers/favicon.ico.php
15-08-2015 10:15:15 [/favicon.ico] NoSuchController - controllers/favicon.ico.php
15-08-2015 10:15:29 [/favicon.ico] NoSuchController - controllers/favicon.ico.php
15-08-2015 10:15:31 [/favicon.ico] NoSuchController - controllers/favicon.ico.php
15-08-2015 10:16:01 [/favicon.ico] NoSuchController - controllers/favicon.ico.php
15-08-2015 10:16:09 [/favicon.ico] NoSuchController - controllers/favicon.ico.php
15-08-2015 10:16:10 [/favicon.ico] NoSuchController - controllers/favicon.ico.php
15-08-2015 10:16:10 [/favicon.ico] NoSuchController - controllers/favicon.ico.php
15-08-2015 10:16:11 [/favicon.ico] NoSuchController - controllers/favicon.ico.php
15-08-2015 10:16:45 [/favicon.ico] NoSuchController - controllers/favicon.ico.php
15-08-2015 10:16:50 [/favicon.ico] NoSuchController - controllers/favicon.ico.php
15-08-2015 10:17:27 [/favicon.ico] NoSuchController - controllers/favicon.ico.php
15-08-2015 10:17:27 [/favicon.ico] NoSuchController - controllers/favicon.ico.php
15-08-2015 10:17:28 [/favicon.ico] NoSuchController - controllers/favicon.ico.php
15-08-2015 10:18:19 [/favicon.ico] NoSuchController - controllers/favicon.ico.php
15-08-2015 10:20:32 [/favicon.ico] NoSuchController - controllers/favicon.ico.php
15-08-2015 10:20:32 [/favicon.ico] NoSuchController - controllers/favicon.ico.php
15-08-2015 10:20:36 [/favicon.ico] NoSuchController - controllers/favicon.ico.php
15-08-2015 10:20:49 [/favicon.ico] NoSuchController - controllers/favicon.ico.php
15-08-2015 10:20:50 [/favicon.ico] NoSuchController - controllers/favicon.ico.php
15-08-2015 10:20:55 [/favicon.ico] NoSuchController - controllers/favicon.ico.php
15-08-2015 10:21:14 [/favicon.ico] NoSuchController - controllers/favicon.ico.php
15-08-2015 10:21:25 [/favicon.ico] NoSuchController - controllers/favicon.ico.php
15-08-2015 10:21:26 [/favicon.ico] NoSuchController - controllers/favicon.ico.php
15-08-2015 10:21:26 [/favicon.ico] NoSuchController - controllers/favicon.ico.php
15-08-2015 10:21:26 [/favicon.ico] NoSuchController - controllers/favicon.ico.php
15-08-2015 10:21:26 [/favicon.ico] NoSuchController - controllers/favicon.ico.php
15-08-2015 10:21:41 [/favicon.ico] NoSuchController - controllers/favicon.ico.php
15-08-2015 10:25:54 [/favicon.ico] NoSuchController - controllers/favicon.ico.php
15-08-2015 10:25:58 [/favicon.ico] NoSuchController - controllers/favicon.ico.php
15-08-2015 10:26:01 [/favicon.ico] NoSuchController - controllers/favicon.ico.php
15-08-2015 10:29:46 [/favicon.ico] NoSuchController - controllers/favicon.ico.php
15-08-2015 10:29:46 [/favicon.ico] NoSuchController - controllers/favicon.ico.php
15-08-2015 10:29:46 [/favicon.ico] NoSuchController - controllers/favicon.ico.php
15-08-2015 10:29:52 [/favicon.ico] NoSuchController - controllers/favicon.ico.php
15-08-2015 10:29:56 [/favicon.ico] NoSuchController - controllers/favicon.ico.php
15-08-2015 10:29:57 [/favicon.ico] NoSuchController - controllers/favicon.ico.php
15-08-2015 10:29:57 [/favicon.ico] NoSuchController - controllers/favicon.ico.php
15-08-2015 10:29:58 [/favicon.ico] NoSuchController - controllers/favicon.ico.php
15-08-2015 10:29:59 [/favicon.ico] NoSuchController - controllers/favicon.ico.php
15-08-2015 10:30:00 [/favicon.ico] NoSuchController - controllers/favicon.ico.php
15-08-2015 10:30:00 [/favicon.ico] NoSuchController - controllers/favicon.ico.php
15-08-2015 10:30:01 [/favicon.ico] NoSuchController - controllers/favicon.ico.php
15-08-2015 10:30:02 [/favicon.ico] NoSuchController - controllers/favicon.ico.php
15-08-2015 10:30:02 [/favicon.ico] NoSuchController - controllers/favicon.ico.php
15-08-2015 10:30:03 [/favicon.ico] NoSuchController - controllers/favicon.ico.php
15-08-2015 10:30:04 [/favicon.ico] NoSuchController - controllers/favicon.ico.php
15-08-2015 10:30:04 [/favicon.ico] NoSuchController - controllers/favicon.ico.php
15-08-2015 11:48:53 [/favicon.ico] NoSuchController - controllers/favicon.ico.php
15-08-2015 11:48:54 [/favicon.ico] NoSuchController - controllers/favicon.ico.php
15-08-2015 11:48:55 [/favicon.ico] NoSuchController - controllers/favicon.ico.php
15-08-2015 11:49:01 [/favicon.ico] NoSuchController - controllers/favicon.ico.php
15-08-2015 13:03:36 [/favicon.ico] NoSuchController - controllers/favicon.ico.php
19-08-2015 12:11:04 [/panel/auth] NoSuchController - controllers/panel.auth.php
19-08-2015 12:11:04 [/favicon.ico] NoSuchController - controllers/favicon.ico.php
19-08-2015 12:11:44 [/favicon.ico] NoSuchController - controllers/favicon.ico.php
19-08-2015 12:11:47 [/favicon.ico] NoSuchController - controllers/favicon.ico.php
19-08-2015 12:16:37 [/favicon.ico] NoSuchController - controllers/favicon.ico.php
19-08-2015 12:18:47 [/favicon.ico] NoSuchController - controllers/favicon.ico.php
19-08-2015 12:18:47 [/favicon.ico] NoSuchController - controllers/favicon.ico.php
19-08-2015 12:18:48 [/favicon.ico] NoSuchController - controllers/favicon.ico.php
19-08-2015 12:18:55 [/favicon.ico] NoSuchController - controllers/favicon.ico.php
19-08-2015 12:19:25 [/favicon.ico] NoSuchController - controllers/favicon.ico.php
19-08-2015 12:20:14 [/favicon.ico] NoSuchController - controllers/favicon.ico.php
19-08-2015 12:21:34 [/favicon.ico] NoSuchController - controllers/favicon.ico.php
19-08-2015 12:22:32 [/favicon.ico] NoSuchController - controllers/favicon.ico.php
19-08-2015 12:23:54 [/favicon.ico] NoSuchController - controllers/favicon.ico.php
19-08-2015 12:24:16 [/favicon.ico] NoSuchController - controllers/favicon.ico.php
19-08-2015 12:25:06 [/favicon.ico] NoSuchController - controllers/favicon.ico.php
19-08-2015 12:29:44 [/favicon.ico] NoSuchController - controllers/favicon.ico.php
19-08-2015 12:30:48 [/favicon.ico] NoSuchController - controllers/favicon.ico.php
19-08-2015 12:30:48 [/favicon.ico] NoSuchController - controllers/favicon.ico.php
19-08-2015 12:32:22 [/favicon.ico] NoSuchController - controllers/favicon.ico.php
19-08-2015 12:34:55 [/favicon.ico] NoSuchController - controllers/favicon.ico.php
19-08-2015 12:41:21 [/favicon.ico] NoSuchController - controllers/favicon.ico.php
19-08-2015 12:41:46 [/favicon.ico] NoSuchController - controllers/favicon.ico.php
19-08-2015 12:41:50 [/dish_edit/8] NoSuchController - controllers/dish_edit.php
19-08-2015 12:41:50 [/favicon.ico] NoSuchController - controllers/favicon.ico.php
19-08-2015 12:42:02 [/dish_edit/8] NoSuchController - controllers/dish_edit.php
19-08-2015 12:42:02 [/favicon.ico] NoSuchController - controllers/favicon.ico.php
19-08-2015 12:42:03 [/favicon.ico] NoSuchController - controllers/favicon.ico.php
19-08-2015 12:42:03 [/favicon.ico] NoSuchController - controllers/favicon.ico.php
19-08-2015 12:42:05 [/dish_edit/9] NoSuchController - controllers/dish_edit.php
19-08-2015 12:42:05 [/favicon.ico] NoSuchController - controllers/favicon.ico.php
19-08-2015 12:43:11 [/favicon.ico] NoSuchController - controllers/favicon.ico.php
19-08-2015 12:43:26 [/favicon.ico] NoSuchController - controllers/favicon.ico.php
19-08-2015 12:43:27 [/favicon.ico] NoSuchController - controllers/favicon.ico.php
19-08-2015 12:44:00 [/favicon.ico] NoSuchController - controllers/favicon.ico.php
19-08-2015 12:44:08 [/favicon.ico] NoSuchController - controllers/favicon.ico.php
19-08-2015 12:45:08 [/favicon.ico] NoSuchController - controllers/favicon.ico.php
19-08-2015 12:45:39 [/favicon.ico] NoSuchController - controllers/favicon.ico.php
19-08-2015 12:46:12 [/favicon.ico] NoSuchController - controllers/favicon.ico.php
19-08-2015 12:47:18 [/favicon.ico] NoSuchController - controllers/favicon.ico.php
19-08-2015 12:49:43 [/favicon.ico] NoSuchController - controllers/favicon.ico.php
19-08-2015 12:50:46 [/favicon.ico] NoSuchController - controllers/favicon.ico.php
19-08-2015 12:54:25 [/favicon.ico] NoSuchController - controllers/favicon.ico.php
19-08-2015 12:54:48 [/favicon.ico] NoSuchController - controllers/favicon.ico.php
19-08-2015 12:54:59 [/favicon.ico] NoSuchController - controllers/favicon.ico.php
19-08-2015 12:55:45 [/favicon.ico] NoSuchController - controllers/favicon.ico.php
19-08-2015 12:55:53 [/favicon.ico] NoSuchController - controllers/favicon.ico.php
19-08-2015 12:56:59 [/favicon.ico] NoSuchController - controllers/favicon.ico.php
19-08-2015 12:57:01 [/favicon.ico] NoSuchController - controllers/favicon.ico.php
19-08-2015 12:57:03 [/favicon.ico] NoSuchController - controllers/favicon.ico.php
19-08-2015 12:57:05 [/favicon.ico] NoSuchController - controllers/favicon.ico.php
19-08-2015 12:57:08 [/favicon.ico] NoSuchController - controllers/favicon.ico.php
19-08-2015 12:57:33 [/favicon.ico] NoSuchController - controllers/favicon.ico.php
19-08-2015 12:57:35 [/favicon.ico] NoSuchController - controllers/favicon.ico.php
19-08-2015 12:57:57 [/favicon.ico] NoSuchController - controllers/favicon.ico.php
19-08-2015 12:58:28 [/favicon.ico] NoSuchController - controllers/favicon.ico.php
19-08-2015 12:59:41 [/favicon.ico] NoSuchController - controllers/favicon.ico.php
19-08-2015 13:00:02 [/favicon.ico] NoSuchController - controllers/favicon.ico.php
19-08-2015 13:01:33 [/favicon.ico] NoSuchController - controllers/favicon.ico.php
19-08-2015 13:01:37 [/favicon.ico] NoSuchController - controllers/favicon.ico.php
19-08-2015 13:03:12 [/favicon.ico] NoSuchController - controllers/favicon.ico.php
19-08-2015 13:03:22 [/favicon.ico] NoSuchController - controllers/favicon.ico.php
19-08-2015 13:03:27 [/favicon.ico] NoSuchController - controllers/favicon.ico.php
19-08-2015 13:04:07 [/favicon.ico] NoSuchController - controllers/favicon.ico.php
19-08-2015 13:04:12 [/favicon.ico] NoSuchController - controllers/favicon.ico.php
19-08-2015 13:05:01 [/favicon.ico] NoSuchController - controllers/favicon.ico.php
19-08-2015 13:05:19 [/favicon.ico] NoSuchController - controllers/favicon.ico.php
19-08-2015 13:05:38 [/favicon.ico] NoSuchController - controllers/favicon.ico.php
19-08-2015 13:06:33 [/favicon.ico] NoSuchController - controllers/favicon.ico.php
19-08-2015 13:06:35 [/favicon.ico] NoSuchController - controllers/favicon.ico.php
19-08-2015 13:07:02 [/favicon.ico] NoSuchController - controllers/favicon.ico.php
19-08-2015 13:07:03 [/favicon.ico] NoSuchController - controllers/favicon.ico.php
19-08-2015 13:07:37 [/favicon.ico] NoSuchController - controllers/favicon.ico.php
19-08-2015 13:07:49 [/favicon.ico] NoSuchController - controllers/favicon.ico.php
19-08-2015 13:07:50 [/favicon.ico] NoSuchController - controllers/favicon.ico.php
19-08-2015 13:07:50 [/favicon.ico] NoSuchController - controllers/favicon.ico.php
19-08-2015 13:07:51 [/favicon.ico] NoSuchController - controllers/favicon.ico.php
19-08-2015 13:07:58 [/favicon.ico] NoSuchController - controllers/favicon.ico.php
19-08-2015 13:08:10 [/favicon.ico] NoSuchController - controllers/favicon.ico.php
19-08-2015 13:15:59 [/favicon.ico] NoSuchController - controllers/favicon.ico.php
19-08-2015 13:16:23 [/favicon.ico] NoSuchController - controllers/favicon.ico.php
19-08-2015 13:16:25 [/favicon.ico] NoSuchController - controllers/favicon.ico.php
19-08-2015 13:16:39 [/favicon.ico] NoSuchController - controllers/favicon.ico.php
19-08-2015 13:16:40 [/favicon.ico] NoSuchController - controllers/favicon.ico.php
19-08-2015 13:16:41 [/favicon.ico] NoSuchController - controllers/favicon.ico.php
19-08-2015 13:16:42 [/favicon.ico] NoSuchController - controllers/favicon.ico.php
19-08-2015 13:18:25 [/favicon.ico] NoSuchController - controllers/favicon.ico.php
19-08-2015 13:18:31 [/favicon.ico] NoSuchController - controllers/favicon.ico.php
19-08-2015 13:21:39 [/favicon.ico] NoSuchController - controllers/favicon.ico.php
19-08-2015 13:24:06 [/favicon.ico] NoSuchController - controllers/favicon.ico.php
19-08-2015 13:24:31 [/favicon.ico] NoSuchController - controllers/favicon.ico.php
19-08-2015 13:25:25 [/favicon.ico] NoSuchController - controllers/favicon.ico.php
19-08-2015 13:25:32 [/favicon.ico] NoSuchController - controllers/favicon.ico.php
19-08-2015 13:28:01 [/favicon.ico] NoSuchController - controllers/favicon.ico.php
19-08-2015 13:28:04 [/favicon.ico] NoSuchController - controllers/favicon.ico.php
19-08-2015 13:28:09 [/favicon.ico] NoSuchController - controllers/favicon.ico.php
19-08-2015 13:30:56 [/favicon.ico] NoSuchController - controllers/favicon.ico.php
19-08-2015 13:31:02 [/favicon.ico] NoSuchController - controllers/favicon.ico.php
19-08-2015 13:31:05 [/favicon.ico] NoSuchController - controllers/favicon.ico.php
19-08-2015 13:31:38 [/favicon.ico] NoSuchController - controllers/favicon.ico.php
19-08-2015 13:31:44 [/favicon.ico] NoSuchController - controllers/favicon.ico.php
19-08-2015 13:32:07 [/favicon.ico] NoSuchController - controllers/favicon.ico.php
19-08-2015 13:38:23 [/favicon.ico] NoSuchController - controllers/favicon.ico.php
19-08-2015 13:40:48 [/favicon.ico] NoSuchController - controllers/favicon.ico.php
19-08-2015 13:40:52 [/favicon.ico] NoSuchController - controllers/favicon.ico.php
19-08-2015 13:43:50 [/favicon.ico] NoSuchController - controllers/favicon.ico.php
19-08-2015 13:44:15 [/favicon.ico] NoSuchController - controllers/favicon.ico.php
19-08-2015 13:49:03 [/favicon.ico] NoSuchController - controllers/favicon.ico.php
19-08-2015 13:49:18 [/favicon.ico] NoSuchController - controllers/favicon.ico.php
19-08-2015 13:49:19 [/favicon.ico] NoSuchController - controllers/favicon.ico.php
19-08-2015 13:49:19 [/favicon.ico] NoSuchController - controllers/favicon.ico.php
19-08-2015 13:49:19 [/favicon.ico] NoSuchController - controllers/favicon.ico.php
19-08-2015 13:49:19 [/favicon.ico] NoSuchController - controllers/favicon.ico.php
19-08-2015 13:49:19 [/favicon.ico] NoSuchController - controllers/favicon.ico.php
19-08-2015 13:50:19 [/favicon.ico] NoSuchController - controllers/favicon.ico.php
19-08-2015 13:50:30 [/favicon.ico] NoSuchController - controllers/favicon.ico.php
19-08-2015 13:50:56 [/favicon.ico] NoSuchController - controllers/favicon.ico.php
19-08-2015 13:50:57 [/favicon.ico] NoSuchController - controllers/favicon.ico.php
19-08-2015 13:50:57 [/favicon.ico] NoSuchController - controllers/favicon.ico.php
19-08-2015 13:50:57 [/favicon.ico] NoSuchController - controllers/favicon.ico.php
19-08-2015 13:51:00 [/favicon.ico] NoSuchController - controllers/favicon.ico.php
19-08-2015 13:51:01 [/favicon.ico] NoSuchController - controllers/favicon.ico.php
19-08-2015 13:51:01 [/favicon.ico] NoSuchController - controllers/favicon.ico.php
19-08-2015 13:51:02 [/favicon.ico] NoSuchController - controllers/favicon.ico.php
19-08-2015 13:51:03 [/favicon.ico] NoSuchController - controllers/favicon.ico.php
19-08-2015 13:51:24 [/favicon.ico] NoSuchController - controllers/favicon.ico.php
19-08-2015 13:51:47 [/favicon.ico] NoSuchController - controllers/favicon.ico.php
19-08-2015 13:52:09 [/favicon.ico] NoSuchController - controllers/favicon.ico.php
19-08-2015 13:52:31 [/favicon.ico] NoSuchController - controllers/favicon.ico.php
19-08-2015 13:52:31 [/favicon.ico] NoSuchController - controllers/favicon.ico.php
19-08-2015 13:52:31 [/favicon.ico] NoSuchController - controllers/favicon.ico.php
19-08-2015 13:52:31 [/favicon.ico] NoSuchController - controllers/favicon.ico.php
19-08-2015 13:52:32 [/favicon.ico] NoSuchController - controllers/favicon.ico.php
19-08-2015 13:52:42 [/favicon.ico] NoSuchController - controllers/favicon.ico.php
19-08-2015 13:52:52 [/favicon.ico] NoSuchController - controllers/favicon.ico.php
19-08-2015 13:54:20 [/favicon.ico] NoSuchController - controllers/favicon.ico.php
19-08-2015 13:55:05 [/favicon.ico] NoSuchController - controllers/favicon.ico.php
19-08-2015 13:55:06 [/favicon.ico] NoSuchController - controllers/favicon.ico.php
19-08-2015 13:55:07 [/favicon.ico] NoSuchController - controllers/favicon.ico.php
19-08-2015 13:55:24 [/favicon.ico] NoSuchController - controllers/favicon.ico.php
19-08-2015 13:55:25 [/favicon.ico] NoSuchController - controllers/favicon.ico.php
19-08-2015 13:55:26 [/panel/dish_activation/15/0] Неполный адрес в активации
19-08-2015 13:55:26 [/favicon.ico] NoSuchController - controllers/favicon.ico.php
19-08-2015 13:56:36 [/favicon.ico] NoSuchController - controllers/favicon.ico.php
19-08-2015 13:56:37 [/favicon.ico] NoSuchController - controllers/favicon.ico.php
19-08-2015 13:56:37 [/favicon.ico] NoSuchController - controllers/favicon.ico.php
19-08-2015 13:56:37 [/favicon.ico] NoSuchController - controllers/favicon.ico.php
19-08-2015 13:56:38 [/panel/dish_activation/18/0] Неполный адрес в активации
19-08-2015 13:56:38 [/favicon.ico] NoSuchController - controllers/favicon.ico.php
19-08-2015 13:56:39 [/favicon.ico] NoSuchController - controllers/favicon.ico.php
19-08-2015 13:56:54 [/favicon.ico] NoSuchController - controllers/favicon.ico.php
19-08-2015 13:57:15 [/favicon.ico] NoSuchController - controllers/favicon.ico.php
19-08-2015 13:58:45 [/favicon.ico] NoSuchController - controllers/favicon.ico.php
19-08-2015 13:58:50 [/panel/dish_activation/10/0] Неполный адрес в активации
19-08-2015 13:58:50 [/favicon.ico] NoSuchController - controllers/favicon.ico.php
19-08-2015 13:59:22 [/favicon.ico] NoSuchController - controllers/favicon.ico.php
19-08-2015 13:59:31 [/favicon.ico] NoSuchController - controllers/favicon.ico.php
19-08-2015 13:59:44 [/favicon.ico] NoSuchController - controllers/favicon.ico.php
19-08-2015 14:00:09 [/favicon.ico] NoSuchController - controllers/favicon.ico.php
19-08-2015 14:00:24 [/panel/dish_activation/10/0] Неполный адрес в активации
19-08-2015 14:00:24 [/favicon.ico] NoSuchController - controllers/favicon.ico.php
19-08-2015 14:00:45 [/favicon.ico] NoSuchController - controllers/favicon.ico.php
19-08-2015 14:00:46 [/favicon.ico] NoSuchController - controllers/favicon.ico.php
19-08-2015 14:00:49 [/favicon.ico] NoSuchController - controllers/favicon.ico.php
19-08-2015 14:01:21 [/panel/dish_activation/15/0] Неполный адрес в активации
19-08-2015 14:01:21 [/favicon.ico] NoSuchController - controllers/favicon.ico.php
19-08-2015 14:01:22 [/favicon.ico] NoSuchController - controllers/favicon.ico.php
19-08-2015 14:01:43 [/favicon.ico] NoSuchController - controllers/favicon.ico.php
19-08-2015 14:01:44 [/favicon.ico] NoSuchController - controllers/favicon.ico.php
19-08-2015 14:02:10 [/favicon.ico] NoSuchController - controllers/favicon.ico.php
19-08-2015 14:02:11 [/favicon.ico] NoSuchController - controllers/favicon.ico.php
19-08-2015 14:02:11 [/favicon.ico] NoSuchController - controllers/favicon.ico.php
19-08-2015 14:02:12 [/favicon.ico] NoSuchController - controllers/favicon.ico.php
19-08-2015 14:02:13 [/favicon.ico] NoSuchController - controllers/favicon.ico.php
19-08-2015 14:02:14 [/favicon.ico] NoSuchController - controllers/favicon.ico.php
19-08-2015 14:02:17 [/favicon.ico] NoSuchController - controllers/favicon.ico.php
19-08-2015 14:03:34 [/favicon.ico] NoSuchController - controllers/favicon.ico.php
19-08-2015 14:03:36 [/favicon.ico] NoSuchController - controllers/favicon.ico.php
19-08-2015 14:04:26 [/favicon.ico] NoSuchController - controllers/favicon.ico.php
19-08-2015 14:04:30 [/favicon.ico] NoSuchController - controllers/favicon.ico.php
19-08-2015 14:04:34 [/favicon.ico] NoSuchController - controllers/favicon.ico.php
19-08-2015 14:04:35 [/favicon.ico] NoSuchController - controllers/favicon.ico.php
19-08-2015 14:04:43 [/favicon.ico] NoSuchController - controllers/favicon.ico.php
19-08-2015 14:04:47 [/favicon.ico] NoSuchController - controllers/favicon.ico.php
19-08-2015 14:04:49 [/favicon.ico] NoSuchController - controllers/favicon.ico.php
19-08-2015 14:04:50 [/favicon.ico] NoSuchController - controllers/favicon.ico.php
19-08-2015 14:04:56 [/favicon.ico] NoSuchController - controllers/favicon.ico.php
19-08-2015 14:04:57 [/favicon.ico] NoSuchController - controllers/favicon.ico.php
19-08-2015 14:04:59 [/favicon.ico] NoSuchController - controllers/favicon.ico.php
19-08-2015 14:05:02 [/favicon.ico] NoSuchController - controllers/favicon.ico.php
